{
  "0 debug pnpm:scope": {
    "selected": 1
  },
  "1 error pnpm": {
    "code": "ELIFECYCLE",
    "errno": "ENOENT",
    "syscall": "spawn",
    "file": "sh",
    "pkgid": "@0.0.0",
    "stage": "dev",
    "script": "vite",
    "err": {
      "name": "Error",
      "message": "@0.0.0 dev: `vite`\nspawn ENOENT",
      "code": "ELIFECYCLE",
      "stack": "Error: @0.0.0 dev: `vite`\nspawn ENOENT\n    at ChildProcess.<anonymous> (/usr/local/lib/node_modules/pnpm/dist/pnpm.cjs:92409:22)\n    at ChildProcess.emit (node:events:394:28)\n    at maybeClose (node:internal/child_process:1067:16)\n    at Process.ChildProcess._handle.onexit (node:internal/child_process:301:5)"
    }
  }
}